violas-core/build/outputs/mapping/release/seeds.txt
org.palliums.violascore.R$attr: R$attr()
org.palliums.violascore.R$interpolator: R$interpolator()
org.palliums.violascore.R$style: R$style()
org.palliums.violascore.R$color: R$color()
org.palliums.violascore.R
org.palliums.violascore.R$layout: R$layout()
org.palliums.violascore.R$interpolator
org.palliums.violascore.R$drawable
org.palliums.violascore.R$color
org.palliums.violascore.R$anim: R$anim()
org.palliums.violascore.R: R()
org.palliums.violascore.R$style
org.palliums.violascore.R$anim
org.palliums.violascore.R$integer: R$integer()
org.palliums.violascore.R$id
org.palliums.violascore.R$drawable: R$drawable()
org.palliums.violascore.R$bool
org.palliums.violascore.R$dimen: R$dimen()
org.palliums.violascore.R$attr
org.palliums.violascore.R$integer
org.palliums.violascore.R$styleable
org.palliums.violascore.R$string: R$string()
org.palliums.violascore.R$bool: R$bool()
org.palliums.violascore.R$dimen
org.palliums.violascore.R$id: R$id()
org.palliums.violascore.R$layout
org.palliums.violascore.R$string
org.palliums.violascore.R$styleable: R$styleable()