violas-core/build/outputs/mapping/release/usage.txt
org.palliums.violascore.mnemonic.NFKDNormalizer
org.palliums.violascore.http.ViolasRpcRepository$mService$2
org.palliums.violascore.crypto.MultiEd25519Kt
org.palliums.violascore.crypto.Seed
org.palliums.violascore.transaction.TransactionPayload$Companion
org.palliums.violascore.http.ViolasRpcRepository$getAccountState$$inlined$call$1
org.palliums.violascore.mnemonic.CharSequenceComparators$1
org.palliums.violascore.wallet.HashPrefixesKt
org.palliums.violascore.http.ViolasException
org.palliums.violascore.transaction.TransactionArgument$Companion
org.palliums.violascore.mnemonic.WordCount
org.palliums.violascore.transaction.TransactionPayload$Payload
org.palliums.violascore.wallet.CryptoMaterialError$BitVecError
org.palliums.violascore.http.GetTransactionDTO
org.palliums.violascore.transaction.AccountAddress
org.palliums.violascore.transaction.storage.TypeTagBool
org.palliums.violascore.mnemonic.English
org.palliums.violascore.transaction.TransactionSignAuthenticator
org.palliums.violascore.R$anim:
    public static int abc_fade_in
    public static int abc_fade_out
    public static int abc_grow_fade_in_from_bottom
    public static int abc_popup_enter
    public static int abc_popup_exit
    public static int abc_shrink_fade_out_from_bottom
    public static int abc_slide_in_bottom
    public static int abc_slide_in_top
    public static int abc_slide_out_bottom
    public static int abc_slide_out_top
    public static int abc_tooltip_enter
    public static int abc_tooltip_exit
    public static int btn_checkbox_to_checked_box_inner_merged_animation
    public static int btn_checkbox_to_checked_box_outer_merged_animation
    public static int btn_checkbox_to_checked_icon_null_animation
    public static int btn_checkbox_to_unchecked_box_inner_merged_animation
    public static int btn_checkbox_to_unchecked_check_path_merged_animation
    public static int btn_checkbox_to_unchecked_icon_null_animation
    public static int btn_radio_to_off_mtrl_dot_group_animation
    public static int btn_radio_to_off_mtrl_ring_outer_animation
    public static int btn_radio_to_off_mtrl_ring_outer_path_animation
    public static int btn_radio_to_on_mtrl_dot_group_animation
    public static int btn_radio_to_on_mtrl_ring_outer_animation
    public static int btn_radio_to_on_mtrl_ring_outer_path_animation
org.palliums.violascore.crypto.MultiEd25519KeyPair
org.palliums.violascore.transaction.AccountAddress$Pair
org.palliums.violascore.R$interpolator:
    public static int btn_checkbox_checked_mtrl_animation_interpolator_0
    public static int btn_checkbox_checked_mtrl_animation_interpolator_1
    public static int btn_checkbox_unchecked_mtrl_animation_interpolator_0
    public static int btn_checkbox_unchecked_mtrl_animation_interpolator_1
    public static int btn_radio_to_off_mtrl_animation_interpolator_0
    public static int btn_radio_to_on_mtrl_animation_interpolator_0
    public static int fast_out_slow_in
org.palliums.violascore.transaction.TransactionPayload$WriteOp$Companion
org.palliums.violascore.transaction.AccessPath
org.palliums.violascore.http.ViolasRpcRepository$submitTransaction$$inlined$call$1
org.palliums.violascore.move.Move$defaultTokenAddress$2
org.palliums.violascore.crypto.Signature